2023-10-17 20:18:29,199 [Worker-4: Loading available Gradle versions] INFO  o.e.b.c.i.u.g.PublishedGradleVersions - Gradle version information cache is out-of-date. Trying to update.
2023-10-17 20:28:14,304 [ModalContext] WARN  org.eclipse.jgit.util.FS_POSIX - Exception caught during execution of command '[bash, --login, -c, which git]' in '/Users/seryeong', return code '127', error message 'bash: which: command not found
'
2023-10-17 20:39:14,002 [Worker-21: Update Maven projects configuration] INFO  o.e.m.c.i.p.ProjectConfigurationManager - Update started
2023-10-17 20:39:15,954 [Worker-21: Update Maven projects configuration] INFO  o.e.m.c.i.l.LifecycleMappingFactory - Using org.eclipse.m2e.jdt.JarLifecycleMapping lifecycle mapping for MavenProject: com.project:Toy:0.0.1-SNAPSHOT @ /Users/seryeong/toy-project/Toy-Project/pom.xml.
2023-10-17 20:39:17,214 [Worker-21: Update Maven projects configuration] INFO  o.e.m.j.i.AbstractJavaProjectConfigurator - Adding source folder /Toy-Project/src/main/java
2023-10-17 20:39:17,215 [Worker-21: Update Maven projects configuration] INFO  o.e.m.j.i.AbstractJavaProjectConfigurator - Adding resource folder /Toy-Project/src/main/resources
2023-10-17 20:39:17,235 [Worker-21: Update Maven projects configuration] INFO  o.e.m.j.i.AbstractJavaProjectConfigurator - Adding resource folder /Toy-Project/src/main/resources
2023-10-17 20:39:17,246 [Worker-21: Update Maven projects configuration] INFO  o.e.m.j.i.AbstractJavaProjectConfigurator - Adding source folder /Toy-Project/src/test/java
2023-10-17 20:39:18,788 [Worker-20: Building] INFO  o.a.m.s.f.DefaultMavenResourcesFiltering - Copying 1 resource from src/main/resources to target/classes
2023-10-17 20:39:18,809 [Worker-20: Building] INFO  o.a.m.s.f.DefaultMavenResourcesFiltering - Copying 107 resources from src/main/resources to target/classes
2023-10-17 20:39:19,201 [Worker-20: Building] INFO  o.a.m.s.f.DefaultMavenResourcesFiltering - skip non existing resourceDirectory /Users/seryeong/toy-project/Toy-Project/src/test/resources
2023-10-17 20:39:22,524 [Worker-21: Update Maven projects configuration] INFO  o.e.m.c.i.p.ProjectConfigurationManager - Update completed: 8 sec
2023-10-17 20:39:23,513 [Worker-22: Building] INFO  o.a.m.s.f.DefaultMavenResourcesFiltering - Copying 1 resource from src/main/resources to target/classes
2023-10-17 20:39:23,520 [Worker-22: Building] INFO  o.a.m.s.f.DefaultMavenResourcesFiltering - Copying 107 resources from src/main/resources to target/classes
2023-10-17 20:39:23,658 [Worker-22: Building] INFO  o.a.m.s.f.DefaultMavenResourcesFiltering - skip non existing resourceDirectory /Users/seryeong/toy-project/Toy-Project/src/test/resources
2023-10-17 20:40:54,964 [Worker-19: Building] INFO  o.a.m.s.f.DefaultMavenResourcesFiltering - Copying 0 resource from src/main/resources to target/classes
2023-10-17 20:40:54,964 [Worker-19: Building] INFO  o.a.m.s.f.DefaultMavenResourcesFiltering - Copying 0 resource from src/main/resources to target/classes
2023-10-17 20:40:54,966 [Worker-19: Building] INFO  o.a.m.s.f.DefaultMavenResourcesFiltering - skip non existing resourceDirectory /Users/seryeong/toy-project/Toy-Project/src/test/resources
2023-10-17 20:41:06,520 [Worker-23: Building] INFO  o.a.m.s.f.DefaultMavenResourcesFiltering - Copying 0 resource from src/main/resources to target/classes
2023-10-17 20:41:06,520 [Worker-23: Building] INFO  o.a.m.s.f.DefaultMavenResourcesFiltering - Copying 0 resource from src/main/resources to target/classes
2023-10-17 20:41:06,522 [Worker-23: Building] INFO  o.a.m.s.f.DefaultMavenResourcesFiltering - skip non existing resourceDirectory /Users/seryeong/toy-project/Toy-Project/src/test/resources
2023-10-17 21:13:13,959 [Worker-24: Building] INFO  o.a.m.s.f.DefaultMavenResourcesFiltering - Copying 0 resource from src/main/resources to target/classes
2023-10-17 21:13:13,961 [Worker-24: Building] INFO  o.a.m.s.f.DefaultMavenResourcesFiltering - Copying 0 resource from src/main/resources to target/classes
2023-10-17 21:13:13,966 [Worker-24: Building] INFO  o.a.m.s.f.DefaultMavenResourcesFiltering - skip non existing resourceDirectory /Users/seryeong/toy-project/Toy-Project/src/test/resources
2023-10-17 21:19:49,339 [Worker-27: Building] INFO  o.a.m.s.f.DefaultMavenResourcesFiltering - Copying 0 resource from src/main/resources to target/classes
2023-10-17 21:19:49,340 [Worker-27: Building] INFO  o.a.m.s.f.DefaultMavenResourcesFiltering - Copying 0 resource from src/main/resources to target/classes
2023-10-17 21:19:49,341 [Worker-27: Building] INFO  o.a.m.s.f.DefaultMavenResourcesFiltering - skip non existing resourceDirectory /Users/seryeong/toy-project/Toy-Project/src/test/resources
2023-10-17 21:20:01,318 [Worker-25: Building] INFO  o.a.m.s.f.DefaultMavenResourcesFiltering - Copying 1 resource from src/main/resources to target/classes
2023-10-17 21:20:01,324 [Worker-25: Building] INFO  o.a.m.s.f.DefaultMavenResourcesFiltering - Copying 107 resources from src/main/resources to target/classes
2023-10-17 21:20:02,041 [Worker-25: Building] INFO  o.a.m.s.f.DefaultMavenResourcesFiltering - skip non existing resourceDirectory /Users/seryeong/toy-project/Toy-Project/src/test/resources
